<?xml version="1.0" encoding="UTF-8"?>
<testsuite xmlns:xsi="http://www.w3.org/2001/XMLSchema-instance" xsi:noNamespaceSchemaLocation="https://maven.apache.org/surefire/maven-surefire-plugin/xsd/surefire-test-report-3.0.xsd" version="3.0" name="dev.erica.ghostbusters.model.UserModelTest" time="0.14" tests="5" errors="0" skipped="0" failures="0">
  <properties>
[...]
</properties>
  <testcase name="testDeleteGhost" classname="dev.erica.ghostbusters.model.UserModelTest" time="0.017"/>
  <testcase name="testAddGhost" classname="dev.erica.ghostbusters.model.UserModelTest" time="0.011"/>
  <testcase name="testGetGhosts" classname="dev.erica.ghostbusters.model.UserModelTest" time="0.036"/>
  <testcase name="testFilterByClass" classname="dev.erica.ghostbusters.model.UserModelTest" time="0.037"/>
  <testcase name="testFilterByMonth" classname="dev.erica.ghostbusters.model.UserModelTest" time="0.017"/>
</testsuite>